<?xml version="1.0" encoding="utf-8"?><testsuites name="pytest tests"><testsuite name="pytest" errors="0" failures="1" skipped="0" tests="12" time="14.229" timestamp="2026-06-09T14:54:17.320129+00:00" hostname="agent-env-6c517e7b-0aef-4ade-8450-025bb3257b9d"><testcase classname="backend.tests.test_mysl_api" name="test_health" time="0.145" /><testcase classname="backend.tests.test_mysl_api" name="test_register_login_me_logout_flow" time="1.470"><failure message="assert 500 == 200&#10; +  where 500 = &lt;Response [500]&gt;.status_code">backend/tests/test_mysl_api.py:101: in test_register_login_me_logout_flow
    assert r8.status_code == 200
E   assert 500 == 200
E    +  where 500 = &lt;Response [500]&gt;.status_code</failure></testcase><testcase classname="backend.tests.test_mysl_api" name="test_session_start_end_and_list" time="5.403" /><testcase classname="backend.tests.test_mysl_api" name="test_task_crud" time="0.269" /><testcase classname="backend.tests.test_mysl_api" name="test_note_crud" time="0.243" /><testcase classname="backend.tests.test_mysl_api" name="test_companion_chat_no_session" time="2.307" /><testcase classname="backend.tests.test_mysl_api" name="test_insights_endpoint" time="0.140" /><testcase classname="backend.tests.test_mysl_api" name="test_insights_zero_state_for_new_user" time="0.444" /><testcase classname="backend.tests.test_mysl_api" name="test_recovery_check" time="0.112" /><testcase classname="backend.tests.test_mysl_api" name="test_notion_status_mocked" time="0.121" /><testcase classname="backend.tests.test_mysl_api" name="test_cross_user_isolation" time="2.998" /><testcase classname="backend.tests.test_mysl_api" name="test_protected_routes_require_auth" time="0.464" /></testsuite></testsuites>